This file contains any messages produced by compilers while
running configure, to aid debugging if configure makes a mistake.

It was created by ledborg-server configure 0.2.0, which was
generated by GNU Autoconf 2.69.  Invocation command line was

  $ ./configure --enable-maintainer-mode --no-create --no-recursion

## --------- ##
## Platform. ##
## --------- ##

hostname = zudo
uname -m = i686
uname -r = 3.5.0-21-generic
uname -s = Linux
uname -v = #32-Ubuntu SMP Tue Dec 11 18:52:46 UTC 2012

/usr/bin/uname -p = unknown
/bin/uname -X     = unknown

/bin/arch              = unknown
/usr/bin/arch -k       = unknown
/usr/convex/getsysinfo = unknown
/usr/bin/hostinfo      = unknown
/bin/machine           = unknown
/usr/bin/oslevel       = unknown
/bin/universe          = unknown

PATH: /usr/lib/lightdm/lightdm
PATH: /usr/local/sbin
PATH: /usr/local/bin
PATH: /usr/sbin
PATH: /usr/bin
PATH: /sbin
PATH: /bin
PATH: /usr/games
PATH: /usr/local/games


## ----------- ##
## Core tests. ##
## ----------- ##

configure:2321: checking for a BSD-compatible install
configure:2389: result: /usr/bin/install -c
configure:2400: checking whether build environment is sane
configure:2450: result: yes
configure:2591: checking for a thread-safe mkdir -p
configure:2630: result: /bin/mkdir -p
configure:2643: checking for gawk
configure:2673: result: no
configure:2643: checking for mawk
configure:2659: found /usr/bin/mawk
configure:2670: result: mawk
configure:2681: checking whether make sets $(MAKE)
configure:2703: result: yes
configure:2784: checking whether to enable maintainer-specific portions of Makefiles
configure:2793: result: yes
configure:2855: checking for gcc
configure:2871: found /usr/bin/gcc
configure:2882: result: gcc
configure:3111: checking for C compiler version
configure:3120: gcc --version >&5
gcc (Ubuntu/Linaro 4.7.2-2ubuntu1) 4.7.2
Copyright (C) 2012 Free Software Foundation, Inc.
This is free software; see the source for copying conditions.  There is NO
warranty; not even for MERCHANTABILITY or FITNESS FOR A PARTICULAR PURPOSE.

configure:3131: $? = 0
configure:3120: gcc -v >&5
Using built-in specs.
COLLECT_GCC=gcc
COLLECT_LTO_WRAPPER=/usr/lib/gcc/i686-linux-gnu/4.7/lto-wrapper
Target: i686-linux-gnu
Configured with: ../src/configure -v --with-pkgversion='Ubuntu/Linaro 4.7.2-2ubuntu1' --with-bugurl=file:///usr/share/doc/gcc-4.7/README.Bugs --enable-languages=c,c++,go,fortran,objc,obj-c++ --prefix=/usr --program-suffix=-4.7 --enable-shared --enable-linker-build-id --with-system-zlib --libexecdir=/usr/lib --without-included-gettext --enable-threads=posix --with-gxx-include-dir=/usr/include/c++/4.7 --libdir=/usr/lib --enable-nls --with-sysroot=/ --enable-clocale=gnu --enable-libstdcxx-debug --enable-libstdcxx-time=yes --enable-gnu-unique-object --enable-plugin --enable-objc-gc --enable-targets=all --disable-werror --with-arch-32=i686 --with-tune=generic --enable-checking=release --build=i686-linux-gnu --host=i686-linux-gnu --target=i686-linux-gnu
Thread model: posix
gcc version 4.7.2 (Ubuntu/Linaro 4.7.2-2ubuntu1) 
configure:3131: $? = 0
configure:3120: gcc -V >&5
gcc: error: unrecognized command line option '-V'
gcc: fatal error: no input files
compilation terminated.
configure:3131: $? = 4
configure:3120: gcc -qversion >&5
gcc: error: unrecognized command line option '-qversion'
gcc: fatal error: no input files
compilation terminated.
configure:3131: $? = 4
configure:3151: checking whether the C compiler works
configure:3173: gcc    conftest.c  >&5
configure:3177: $? = 0
configure:3225: result: yes
configure:3228: checking for C compiler default output file name
configure:3230: result: a.out
configure:3236: checking for suffix of executables
configure:3243: gcc -o conftest    conftest.c  >&5
configure:3247: $? = 0
configure:3269: result: 
configure:3291: checking whether we are cross compiling
configure:3299: gcc -o conftest    conftest.c  >&5
configure:3303: $? = 0
configure:3310: ./conftest
configure:3314: $? = 0
configure:3329: result: no
configure:3334: checking for suffix of object files
configure:3356: gcc -c   conftest.c >&5
configure:3360: $? = 0
configure:3381: result: o
configure:3385: checking whether we are using the GNU C compiler
configure:3404: gcc -c   conftest.c >&5
configure:3404: $? = 0
configure:3413: result: yes
configure:3422: checking whether gcc accepts -g
configure:3442: gcc -c -g  conftest.c >&5
configure:3442: $? = 0
configure:3483: result: yes
configure:3500: checking for gcc option to accept ISO C89
configure:3563: gcc  -c -g -O2  conftest.c >&5
configure:3563: $? = 0
configure:3576: result: none needed
configure:3607: checking for style of include used by make
configure:3635: result: GNU
configure:3661: checking dependency style of gcc
configure:3772: result: gcc3
configure:3788: checking whether gcc and cc understand -c and -o together
configure:3819: gcc -c conftest.c -o conftest2.o >&5
configure:3823: $? = 0
configure:3829: gcc -c conftest.c -o conftest2.o >&5
configure:3833: $? = 0
configure:3844: cc -c conftest.c >&5
configure:3848: $? = 0
configure:3856: cc -c conftest.c -o conftest2.o >&5
configure:3860: $? = 0
configure:3866: cc -c conftest.c -o conftest2.o >&5
configure:3870: $? = 0
configure:3888: result: yes
configure:3973: checking build system type
configure:3987: result: i686-pc-linux-gnu
configure:4007: checking host system type
configure:4020: result: i686-pc-linux-gnu
configure:4061: checking how to print strings
configure:4088: result: printf
configure:4109: checking for a sed that does not truncate output
configure:4173: result: /bin/sed
configure:4191: checking for grep that handles long lines and -e
configure:4249: result: /bin/grep
configure:4254: checking for egrep
configure:4316: result: /bin/grep -E
configure:4321: checking for fgrep
configure:4383: result: /bin/grep -F
configure:4418: checking for ld used by gcc
configure:4485: result: /usr/bin/ld
configure:4492: checking if the linker (/usr/bin/ld) is GNU ld
configure:4507: result: yes
configure:4519: checking for BSD- or MS-compatible name lister (nm)
configure:4568: result: /usr/bin/nm -B
configure:4698: checking the name lister (/usr/bin/nm -B) interface
configure:4705: gcc -c -g -O2  conftest.c >&5
configure:4708: /usr/bin/nm -B "conftest.o"
configure:4711: output
00000000 B some_variable
configure:4718: result: BSD nm
configure:4721: checking whether ln -s works
configure:4725: result: yes
configure:4733: checking the maximum length of command line arguments
configure:4863: result: 805306365
configure:4880: checking whether the shell understands some XSI constructs
configure:4890: result: yes
configure:4894: checking whether the shell understands "+="
configure:4900: result: yes
configure:4935: checking how to convert i686-pc-linux-gnu file names to i686-pc-linux-gnu format
configure:4975: result: func_convert_file_noop
configure:4982: checking how to convert i686-pc-linux-gnu file names to toolchain format
configure:5002: result: func_convert_file_noop
configure:5009: checking for /usr/bin/ld option to reload object files
configure:5016: result: -r
configure:5090: checking for objdump
configure:5106: found /usr/bin/objdump
configure:5117: result: objdump
configure:5149: checking how to recognize dependent libraries
configure:5351: result: pass_all
configure:5436: checking for dlltool
configure:5466: result: no
configure:5496: checking how to associate runtime and link libraries
configure:5523: result: printf %s\n
configure:5584: checking for ar
configure:5600: found /usr/bin/ar
configure:5611: result: ar
configure:5648: checking for archiver @FILE support
configure:5665: gcc -c -g -O2  conftest.c >&5
configure:5665: $? = 0
configure:5668: ar cru libconftest.a @conftest.lst >&5
configure:5671: $? = 0
configure:5676: ar cru libconftest.a @conftest.lst >&5
ar: conftest.o: No such file or directory
configure:5679: $? = 1
configure:5691: result: @
configure:5749: checking for strip
configure:5765: found /usr/bin/strip
configure:5776: result: strip
configure:5848: checking for ranlib
configure:5864: found /usr/bin/ranlib
configure:5875: result: ranlib
configure:5977: checking command to parse /usr/bin/nm -B output from gcc object
configure:6097: gcc -c -g -O2  conftest.c >&5
configure:6100: $? = 0
configure:6104: /usr/bin/nm -B conftest.o \| sed -n -e 's/^.*[ ]\([ABCDGIRSTW][ABCDGIRSTW]*\)[ ][ ]*\([_A-Za-z][_A-Za-z0-9]*\)$/\1 \2 \2/p' | sed '/ __gnu_lto/d' \> conftest.nm
configure:6107: $? = 0
configure:6173: gcc -o conftest -g -O2   conftest.c conftstm.o >&5
configure:6176: $? = 0
configure:6214: result: ok
configure:6251: checking for sysroot
configure:6281: result: no
configure:6537: checking for mt
configure:6553: found /bin/mt
configure:6564: result: mt
configure:6587: checking if mt is a manifest tool
configure:6593: mt '-?'
configure:6601: result: no
configure:7243: checking how to run the C preprocessor
configure:7274: gcc -E  conftest.c
configure:7274: $? = 0
configure:7288: gcc -E  conftest.c
conftest.c:11:28: fatal error: ac_nonexistent.h: No such file or directory
compilation terminated.
configure:7288: $? = 1
configure: failed program was:
| /* confdefs.h */
| #define PACKAGE_NAME "ledborg-server"
| #define PACKAGE_TARNAME "ledborg-server"
| #define PACKAGE_VERSION "0.2.0"
| #define PACKAGE_STRING "ledborg-server 0.2.0"
| #define PACKAGE_BUGREPORT "the.mighty.ug@gmail.com"
| #define PACKAGE_URL ""
| #define PACKAGE "ledborg-server"
| #define VERSION "0.2.0"
| /* end confdefs.h.  */
| #include <ac_nonexistent.h>
configure:7313: result: gcc -E
configure:7333: gcc -E  conftest.c
configure:7333: $? = 0
configure:7347: gcc -E  conftest.c
conftest.c:11:28: fatal error: ac_nonexistent.h: No such file or directory
compilation terminated.
configure:7347: $? = 1
configure: failed program was:
| /* confdefs.h */
| #define PACKAGE_NAME "ledborg-server"
| #define PACKAGE_TARNAME "ledborg-server"
| #define PACKAGE_VERSION "0.2.0"
| #define PACKAGE_STRING "ledborg-server 0.2.0"
| #define PACKAGE_BUGREPORT "the.mighty.ug@gmail.com"
| #define PACKAGE_URL ""
| #define PACKAGE "ledborg-server"
| #define VERSION "0.2.0"
| /* end confdefs.h.  */
| #include <ac_nonexistent.h>
configure:7376: checking for ANSI C header files
configure:7396: gcc -c -g -O2  conftest.c >&5
configure:7396: $? = 0
configure:7469: gcc -o conftest -g -O2   conftest.c  >&5
configure:7469: $? = 0
configure:7469: ./conftest
configure:7469: $? = 0
configure:7480: result: yes
configure:7493: checking for sys/types.h
configure:7493: gcc -c -g -O2  conftest.c >&5
configure:7493: $? = 0
configure:7493: result: yes
configure:7493: checking for sys/stat.h
configure:7493: gcc -c -g -O2  conftest.c >&5
configure:7493: $? = 0
configure:7493: result: yes
configure:7493: checking for stdlib.h
configure:7493: gcc -c -g -O2  conftest.c >&5
configure:7493: $? = 0
configure:7493: result: yes
configure:7493: checking for string.h
configure:7493: gcc -c -g -O2  conftest.c >&5
configure:7493: $? = 0
configure:7493: result: yes
configure:7493: checking for memory.h
configure:7493: gcc -c -g -O2  conftest.c >&5
configure:7493: $? = 0
configure:7493: result: yes
configure:7493: checking for strings.h
configure:7493: gcc -c -g -O2  conftest.c >&5
configure:7493: $? = 0
configure:7493: result: yes
configure:7493: checking for inttypes.h
configure:7493: gcc -c -g -O2  conftest.c >&5
configure:7493: $? = 0
configure:7493: result: yes
configure:7493: checking for stdint.h
configure:7493: gcc -c -g -O2  conftest.c >&5
configure:7493: $? = 0
configure:7493: result: yes
configure:7493: checking for unistd.h
configure:7493: gcc -c -g -O2  conftest.c >&5
configure:7493: $? = 0
configure:7493: result: yes
configure:7507: checking for dlfcn.h
configure:7507: gcc -c -g -O2  conftest.c >&5
configure:7507: $? = 0
configure:7507: result: yes
configure:7683: checking for objdir
configure:7698: result: .libs
configure:7965: checking if gcc supports -fno-rtti -fno-exceptions
configure:7983: gcc -c -g -O2  -fno-rtti -fno-exceptions conftest.c >&5
cc1: warning: command line option '-fno-rtti' is valid for C++/ObjC++ but not for C [enabled by default]
configure:7987: $? = 0
configure:8000: result: no
configure:8327: checking for gcc option to produce PIC
configure:8334: result: -fPIC -DPIC
configure:8342: checking if gcc PIC flag -fPIC -DPIC works
configure:8360: gcc -c -g -O2  -fPIC -DPIC -DPIC conftest.c >&5
configure:8364: $? = 0
configure:8377: result: yes
configure:8406: checking if gcc static flag -static works
configure:8434: result: yes
configure:8449: checking if gcc supports -c -o file.o
configure:8470: gcc -c -g -O2  -o out/conftest2.o conftest.c >&5
configure:8474: $? = 0
configure:8496: result: yes
configure:8504: checking if gcc supports -c -o file.o
configure:8551: result: yes
configure:8584: checking whether the gcc linker (/usr/bin/ld) supports shared libraries
configure:9741: result: yes
configure:9778: checking whether -lc should be explicitly linked in
configure:9786: gcc -c -g -O2  conftest.c >&5
configure:9789: $? = 0
configure:9804: gcc -shared  -fPIC -DPIC conftest.o  -v -Wl,-soname -Wl,conftest -o conftest 2\>\&1 \| /bin/grep  -lc  \>/dev/null 2\>\&1
configure:9807: $? = 0
configure:9821: result: no
configure:9981: checking dynamic linker characteristics
configure:10492: gcc -o conftest -g -O2   -Wl,-rpath -Wl,/foo conftest.c  >&5
configure:10492: $? = 0
configure:10726: result: GNU/Linux ld.so
configure:10833: checking how to hardcode library paths into programs
configure:10858: result: immediate
configure:11398: checking whether stripping libraries is possible
configure:11403: result: yes
configure:11438: checking if libtool supports shared libraries
configure:11440: result: yes
configure:11443: checking whether to build shared libraries
configure:11464: result: yes
configure:11467: checking whether to build static libraries
configure:11471: result: no
configure:11511: checking for valac
configure:11529: found /usr/bin/valac
configure:11542: result: /usr/bin/valac
configure:11562: checking locale.h usability
configure:11562: gcc -c -g -O2  conftest.c >&5
configure:11562: $? = 0
configure:11562: result: yes
configure:11562: checking locale.h presence
configure:11562: gcc -E  conftest.c
configure:11562: $? = 0
configure:11562: result: yes
configure:11562: checking for locale.h
configure:11562: result: yes
configure:11573: checking for LC_MESSAGES
configure:11589: gcc -o conftest -g -O2   conftest.c  >&5
configure:11589: $? = 0
configure:11597: result: yes
configure:11614: checking libintl.h usability
configure:11614: gcc -c -g -O2  conftest.c >&5
configure:11614: $? = 0
configure:11614: result: yes
configure:11614: checking libintl.h presence
configure:11614: gcc -E  conftest.c
configure:11614: $? = 0
configure:11614: result: yes
configure:11614: checking for libintl.h
configure:11614: result: yes
configure:11622: checking for ngettext in libc
configure:11640: gcc -o conftest -g -O2   conftest.c  >&5
configure:11640: $? = 0
configure:11649: result: yes
configure:11653: checking for dgettext in libc
configure:11671: gcc -o conftest -g -O2   conftest.c  >&5
configure:11671: $? = 0
configure:11680: result: yes
configure:11687: checking for bind_textdomain_codeset
configure:11687: gcc -o conftest -g -O2   conftest.c  >&5
configure:11687: $? = 0
configure:11687: result: yes
configure:11963: checking for msgfmt
configure:11990: result: /usr/bin/msgfmt
configure:12001: checking for dcgettext
configure:12001: gcc -o conftest -g -O2   conftest.c   >&5
conftest.c:51:6: warning: conflicting types for built-in function 'dcgettext' [enabled by default]
configure:12001: $? = 0
configure:12001: result: yes
configure:12011: checking if msgfmt accepts -c
configure:12026: $MSGFMT -c -o /dev/null conftest.foo
configure:12029: $? = 0
configure:12031: result: yes
configure:12041: checking for gmsgfmt
configure:12072: result: /usr/bin/msgfmt
configure:12082: checking for xgettext
configure:12109: result: /usr/bin/xgettext
configure:12128: gcc -o conftest -g -O2   conftest.c   >&5
configure:12128: $? = 0
configure:12268: checking whether NLS is requested
configure:12277: result: yes
configure:12295: checking for intltool >= 0.35.0
configure:12297: result: 0.50.2 found
configure:12305: checking for intltool-update
configure:12323: found /usr/bin/intltool-update
configure:12335: result: /usr/bin/intltool-update
configure:12345: checking for intltool-merge
configure:12363: found /usr/bin/intltool-merge
configure:12375: result: /usr/bin/intltool-merge
configure:12385: checking for intltool-extract
configure:12403: found /usr/bin/intltool-extract
configure:12415: result: /usr/bin/intltool-extract
configure:12569: checking for xgettext
configure:12599: result: /usr/bin/xgettext
configure:12609: checking for msgmerge
configure:12627: found /usr/bin/msgmerge
configure:12639: result: /usr/bin/msgmerge
configure:12649: checking for msgfmt
configure:12679: result: /usr/bin/msgfmt
configure:12689: checking for gmsgfmt
configure:12720: result: /usr/bin/msgfmt
configure:12740: checking for perl
configure:12758: found /usr/bin/perl
configure:12770: result: /usr/bin/perl
configure:12781: checking for perl >= 5.8.1
configure:12788: result: 5.14.2
configure:12792: checking for XML::Parser
configure:12795: result: ok
configure:12913: checking for pkg-config
configure:12931: found /usr/bin/pkg-config
configure:12943: result: /usr/bin/pkg-config
configure:12968: checking pkg-config is at least version 0.9.0
configure:12971: result: yes
configure:12981: checking for LEDBORG_SERVER
configure:12988: $PKG_CONFIG --exists --print-errors "$pkg_modules"
configure:12991: $? = 0
configure:13005: $PKG_CONFIG --exists --print-errors "$pkg_modules"
configure:13008: $? = 0
configure:13066: result: yes
configure:13214: creating ./config.status

## ---------------- ##
## Cache variables. ##
## ---------------- ##

ac_cv_build=i686-pc-linux-gnu
ac_cv_c_compiler_gnu=yes
ac_cv_env_CC_set=
ac_cv_env_CC_value=
ac_cv_env_CFLAGS_set=
ac_cv_env_CFLAGS_value=
ac_cv_env_CPPFLAGS_set=
ac_cv_env_CPPFLAGS_value=
ac_cv_env_CPP_set=
ac_cv_env_CPP_value=
ac_cv_env_LDFLAGS_set=
ac_cv_env_LDFLAGS_value=
ac_cv_env_LEDBORG_SERVER_CFLAGS_set=
ac_cv_env_LEDBORG_SERVER_CFLAGS_value=
ac_cv_env_LEDBORG_SERVER_LIBS_set=
ac_cv_env_LEDBORG_SERVER_LIBS_value=
ac_cv_env_LIBS_set=
ac_cv_env_LIBS_value=
ac_cv_env_PKG_CONFIG_LIBDIR_set=
ac_cv_env_PKG_CONFIG_LIBDIR_value=
ac_cv_env_PKG_CONFIG_PATH_set=
ac_cv_env_PKG_CONFIG_PATH_value=
ac_cv_env_PKG_CONFIG_set=
ac_cv_env_PKG_CONFIG_value=
ac_cv_env_build_alias_set=
ac_cv_env_build_alias_value=
ac_cv_env_host_alias_set=
ac_cv_env_host_alias_value=
ac_cv_env_target_alias_set=
ac_cv_env_target_alias_value=
ac_cv_func_bind_textdomain_codeset=yes
ac_cv_func_dcgettext=yes
ac_cv_header_dlfcn_h=yes
ac_cv_header_inttypes_h=yes
ac_cv_header_libintl_h=yes
ac_cv_header_locale_h=yes
ac_cv_header_memory_h=yes
ac_cv_header_stdc=yes
ac_cv_header_stdint_h=yes
ac_cv_header_stdlib_h=yes
ac_cv_header_string_h=yes
ac_cv_header_strings_h=yes
ac_cv_header_sys_stat_h=yes
ac_cv_header_sys_types_h=yes
ac_cv_header_unistd_h=yes
ac_cv_host=i686-pc-linux-gnu
ac_cv_objext=o
ac_cv_path_EGREP='/bin/grep -E'
ac_cv_path_FGREP='/bin/grep -F'
ac_cv_path_GMSGFMT=/usr/bin/msgfmt
ac_cv_path_GREP=/bin/grep
ac_cv_path_INTLTOOL_EXTRACT=/usr/bin/intltool-extract
ac_cv_path_INTLTOOL_MERGE=/usr/bin/intltool-merge
ac_cv_path_INTLTOOL_PERL=/usr/bin/perl
ac_cv_path_INTLTOOL_UPDATE=/usr/bin/intltool-update
ac_cv_path_MSGFMT=/usr/bin/msgfmt
ac_cv_path_MSGMERGE=/usr/bin/msgmerge
ac_cv_path_SED=/bin/sed
ac_cv_path_VALAC=/usr/bin/valac
ac_cv_path_XGETTEXT=/usr/bin/xgettext
ac_cv_path_ac_pt_PKG_CONFIG=/usr/bin/pkg-config
ac_cv_path_install='/usr/bin/install -c'
ac_cv_path_mkdir=/bin/mkdir
ac_cv_prog_AWK=mawk
ac_cv_prog_CPP='gcc -E'
ac_cv_prog_ac_ct_AR=ar
ac_cv_prog_ac_ct_CC=gcc
ac_cv_prog_ac_ct_MANIFEST_TOOL=mt
ac_cv_prog_ac_ct_OBJDUMP=objdump
ac_cv_prog_ac_ct_RANLIB=ranlib
ac_cv_prog_ac_ct_STRIP=strip
ac_cv_prog_cc_c89=
ac_cv_prog_cc_g=yes
ac_cv_prog_cc_gcc_c_o=yes
ac_cv_prog_make_make_set=yes
am_cv_CC_dependencies_compiler_type=gcc3
am_cv_val_LC_MESSAGES=yes
gt_cv_func_dgettext_libc=yes
gt_cv_func_dgettext_libintl=no
gt_cv_func_ngettext_libc=yes
gt_cv_have_gettext=yes
lt_cv_ar_at_file=@
lt_cv_archive_cmds_need_lc=no
lt_cv_deplibs_check_method=pass_all
lt_cv_file_magic_cmd='$MAGIC_CMD'
lt_cv_file_magic_test_file=
lt_cv_ld_reload_flag=-r
lt_cv_nm_interface='BSD nm'
lt_cv_objdir=.libs
lt_cv_path_LD=/usr/bin/ld
lt_cv_path_NM='/usr/bin/nm -B'
lt_cv_path_mainfest_tool=no
lt_cv_prog_compiler_c_o=yes
lt_cv_prog_compiler_pic='-fPIC -DPIC'
lt_cv_prog_compiler_pic_works=yes
lt_cv_prog_compiler_rtti_exceptions=no
lt_cv_prog_compiler_static_works=yes
lt_cv_prog_gnu_ld=yes
lt_cv_sharedlib_from_linklib_cmd='printf %s\n'
lt_cv_shlibpath_overrides_runpath=no
lt_cv_sys_global_symbol_pipe='sed -n -e '\''s/^.*[	 ]\([ABCDGIRSTW][ABCDGIRSTW]*\)[	 ][	 ]*\([_A-Za-z][_A-Za-z0-9]*\)$/\1 \2 \2/p'\'' | sed '\''/ __gnu_lto/d'\'''
lt_cv_sys_global_symbol_to_c_name_address='sed -n -e '\''s/^: \([^ ]*\)[ ]*$/  {\"\1\", (void *) 0},/p'\'' -e '\''s/^[ABCDGIRSTW]* \([^ ]*\) \([^ ]*\)$/  {"\2", (void *) \&\2},/p'\'''
lt_cv_sys_global_symbol_to_c_name_address_lib_prefix='sed -n -e '\''s/^: \([^ ]*\)[ ]*$/  {\"\1\", (void *) 0},/p'\'' -e '\''s/^[ABCDGIRSTW]* \([^ ]*\) \(lib[^ ]*\)$/  {"\2", (void *) \&\2},/p'\'' -e '\''s/^[ABCDGIRSTW]* \([^ ]*\) \([^ ]*\)$/  {"lib\2", (void *) \&\2},/p'\'''
lt_cv_sys_global_symbol_to_cdecl='sed -n -e '\''s/^T .* \(.*\)$/extern int \1();/p'\'' -e '\''s/^[ABCDGIRSTW]* .* \(.*\)$/extern char \1;/p'\'''
lt_cv_sys_max_cmd_len=805306365
lt_cv_to_host_file_cmd=func_convert_file_noop
lt_cv_to_tool_file_cmd=func_convert_file_noop
pkg_cv_LEDBORG_SERVER_CFLAGS='-pthread -I/usr/include/glib-2.0 -I/usr/lib/i386-linux-gnu/glib-2.0/include -I/usr/include/gtk-2.0 -I/usr/lib/i386-linux-gnu/gtk-2.0/include -I/usr/include/atk-1.0 -I/usr/include/cairo -I/usr/include/gdk-pixbuf-2.0 -I/usr/include/pango-1.0 -I/usr/include/gio-unix-2.0/ -I/usr/include/pixman-1 -I/usr/include/freetype2 -I/usr/include/libpng12 -I/usr/include/libsoup-2.4 -I/usr/include/libxml2  '
pkg_cv_LEDBORG_SERVER_LIBS='-lgtk-x11-2.0 -lgdk-x11-2.0 -latk-1.0 -lpangoft2-1.0 -lpangocairo-1.0 -lgdk_pixbuf-2.0 -lcairo -lpango-1.0 -lfreetype -lfontconfig -lsoup-2.4 -lgio-2.0 -lgobject-2.0 -lglib-2.0  '

## ----------------- ##
## Output variables. ##
## ----------------- ##

ACLOCAL='${SHELL} /home/ross/Projects/ledborg-server/missing --run aclocal-1.11'
ALL_LINGUAS=''
AMDEPBACKSLASH='\'
AMDEP_FALSE='#'
AMDEP_TRUE=''
AMTAR='$${TAR-tar}'
AM_DEFAULT_VERBOSITY='1'
AR='ar'
AUTOCONF='${SHELL} /home/ross/Projects/ledborg-server/missing --run autoconf'
AUTOHEADER='${SHELL} /home/ross/Projects/ledborg-server/missing --run autoheader'
AUTOMAKE='${SHELL} /home/ross/Projects/ledborg-server/missing --run automake-1.11'
AWK='mawk'
CATALOGS=''
CATOBJEXT='.gmo'
CC='gcc'
CCDEPMODE='depmode=gcc3'
CFLAGS='-g -O2'
CPP='gcc -E'
CPPFLAGS=''
CYGPATH_W='echo'
DATADIRNAME='share'
DEFS='-DHAVE_CONFIG_H'
DEPDIR='.deps'
DLLTOOL='false'
DSYMUTIL=''
DUMPBIN=''
ECHO_C=''
ECHO_N='-n'
ECHO_T=''
EGREP='/bin/grep -E'
EXEEXT=''
FGREP='/bin/grep -F'
GETTEXT_PACKAGE='ledborg-server'
GMOFILES=''
GMSGFMT='/usr/bin/msgfmt'
GREP='/bin/grep'
INSTALL_DATA='${INSTALL} -m 644'
INSTALL_PROGRAM='${INSTALL}'
INSTALL_SCRIPT='${INSTALL}'
INSTALL_STRIP_PROGRAM='$(install_sh) -c -s'
INSTOBJEXT='.mo'
INTLLIBS=''
INTLTOOL_CAVES_RULE='%.caves:     %.caves.in     $(INTLTOOL_MERGE) $(wildcard $(top_srcdir)/po/*.po) ; $(INTLTOOL_V_MERGE)LC_ALL=C $(INTLTOOL_MERGE) $(INTLTOOL_V_MERGE_OPTIONS) -d -u -c $(top_builddir)/po/.intltool-merge-cache $(top_srcdir)/po $< $@'
INTLTOOL_DESKTOP_RULE='%.desktop:   %.desktop.in   $(INTLTOOL_MERGE) $(wildcard $(top_srcdir)/po/*.po) ; $(INTLTOOL_V_MERGE)LC_ALL=C $(INTLTOOL_MERGE) $(INTLTOOL_V_MERGE_OPTIONS) -d -u -c $(top_builddir)/po/.intltool-merge-cache $(top_srcdir)/po $< $@'
INTLTOOL_DIRECTORY_RULE='%.directory: %.directory.in $(INTLTOOL_MERGE) $(wildcard $(top_srcdir)/po/*.po) ; $(INTLTOOL_V_MERGE)LC_ALL=C $(INTLTOOL_MERGE) $(INTLTOOL_V_MERGE_OPTIONS) -d -u -c $(top_builddir)/po/.intltool-merge-cache $(top_srcdir)/po $< $@'
INTLTOOL_EXTRACT='/usr/bin/intltool-extract'
INTLTOOL_KBD_RULE='%.kbd:       %.kbd.in       $(INTLTOOL_MERGE) $(wildcard $(top_srcdir)/po/*.po) ; $(INTLTOOL_V_MERGE)LC_ALL=C $(INTLTOOL_MERGE) $(INTLTOOL_V_MERGE_OPTIONS) -x -u -m -c $(top_builddir)/po/.intltool-merge-cache $(top_srcdir)/po $< $@'
INTLTOOL_KEYS_RULE='%.keys:      %.keys.in      $(INTLTOOL_MERGE) $(wildcard $(top_srcdir)/po/*.po) ; $(INTLTOOL_V_MERGE)LC_ALL=C $(INTLTOOL_MERGE) $(INTLTOOL_V_MERGE_OPTIONS) -k -u -c $(top_builddir)/po/.intltool-merge-cache $(top_srcdir)/po $< $@'
INTLTOOL_MERGE='/usr/bin/intltool-merge'
INTLTOOL_OAF_RULE='%.oaf:       %.oaf.in       $(INTLTOOL_MERGE) $(wildcard $(top_srcdir)/po/*.po) ; $(INTLTOOL_V_MERGE)LC_ALL=C $(INTLTOOL_MERGE) $(INTLTOOL_V_MERGE_OPTIONS) -o -p $(top_srcdir)/po $< $@'
INTLTOOL_PERL='/usr/bin/perl'
INTLTOOL_POLICY_RULE='%.policy:    %.policy.in    $(INTLTOOL_MERGE) $(wildcard $(top_srcdir)/po/*.po) ; $(INTLTOOL_V_MERGE)LC_ALL=C $(INTLTOOL_MERGE) $(INTLTOOL_V_MERGE_OPTIONS) -x -u -c $(top_builddir)/po/.intltool-merge-cache $(top_srcdir)/po $< $@'
INTLTOOL_PONG_RULE='%.pong:      %.pong.in      $(INTLTOOL_MERGE) $(wildcard $(top_srcdir)/po/*.po) ; $(INTLTOOL_V_MERGE)LC_ALL=C $(INTLTOOL_MERGE) $(INTLTOOL_V_MERGE_OPTIONS) -x -u -c $(top_builddir)/po/.intltool-merge-cache $(top_srcdir)/po $< $@'
INTLTOOL_PROP_RULE='%.prop:      %.prop.in      $(INTLTOOL_MERGE) $(wildcard $(top_srcdir)/po/*.po) ; $(INTLTOOL_V_MERGE)LC_ALL=C $(INTLTOOL_MERGE) $(INTLTOOL_V_MERGE_OPTIONS) -d -u -c $(top_builddir)/po/.intltool-merge-cache $(top_srcdir)/po $< $@'
INTLTOOL_SCHEMAS_RULE='%.schemas:   %.schemas.in   $(INTLTOOL_MERGE) $(wildcard $(top_srcdir)/po/*.po) ; $(INTLTOOL_V_MERGE)LC_ALL=C $(INTLTOOL_MERGE) $(INTLTOOL_V_MERGE_OPTIONS) -s -u -c $(top_builddir)/po/.intltool-merge-cache $(top_srcdir)/po $< $@'
INTLTOOL_SERVER_RULE='%.server:    %.server.in    $(INTLTOOL_MERGE) $(wildcard $(top_srcdir)/po/*.po) ; $(INTLTOOL_V_MERGE)LC_ALL=C $(INTLTOOL_MERGE) $(INTLTOOL_V_MERGE_OPTIONS) -o -u -c $(top_builddir)/po/.intltool-merge-cache $(top_srcdir)/po $< $@'
INTLTOOL_SERVICE_RULE='%.service: %.service.in   $(INTLTOOL_MERGE) $(wildcard $(top_srcdir)/po/*.po) ; $(INTLTOOL_V_MERGE)LC_ALL=C $(INTLTOOL_MERGE) $(INTLTOOL_V_MERGE_OPTIONS) -d -u -c $(top_builddir)/po/.intltool-merge-cache $(top_srcdir)/po $< $@'
INTLTOOL_SHEET_RULE='%.sheet:     %.sheet.in     $(INTLTOOL_MERGE) $(wildcard $(top_srcdir)/po/*.po) ; $(INTLTOOL_V_MERGE)LC_ALL=C $(INTLTOOL_MERGE) $(INTLTOOL_V_MERGE_OPTIONS) -x -u -c $(top_builddir)/po/.intltool-merge-cache $(top_srcdir)/po $< $@'
INTLTOOL_SOUNDLIST_RULE='%.soundlist: %.soundlist.in $(INTLTOOL_MERGE) $(wildcard $(top_srcdir)/po/*.po) ; $(INTLTOOL_V_MERGE)LC_ALL=C $(INTLTOOL_MERGE) $(INTLTOOL_V_MERGE_OPTIONS) -d -u -c $(top_builddir)/po/.intltool-merge-cache $(top_srcdir)/po $< $@'
INTLTOOL_THEME_RULE='%.theme:     %.theme.in     $(INTLTOOL_MERGE) $(wildcard $(top_srcdir)/po/*.po) ; $(INTLTOOL_V_MERGE)LC_ALL=C $(INTLTOOL_MERGE) $(INTLTOOL_V_MERGE_OPTIONS) -d -u -c $(top_builddir)/po/.intltool-merge-cache $(top_srcdir)/po $< $@'
INTLTOOL_UI_RULE='%.ui:        %.ui.in        $(INTLTOOL_MERGE) $(wildcard $(top_srcdir)/po/*.po) ; $(INTLTOOL_V_MERGE)LC_ALL=C $(INTLTOOL_MERGE) $(INTLTOOL_V_MERGE_OPTIONS) -x -u -c $(top_builddir)/po/.intltool-merge-cache $(top_srcdir)/po $< $@'
INTLTOOL_UPDATE='/usr/bin/intltool-update'
INTLTOOL_V_MERGE='$(INTLTOOL__v_MERGE_$(V))'
INTLTOOL_V_MERGE_OPTIONS='$(intltool__v_merge_options_$(V))'
INTLTOOL_XAM_RULE='%.xam:       %.xml.in       $(INTLTOOL_MERGE) $(wildcard $(top_srcdir)/po/*.po) ; $(INTLTOOL_V_MERGE)LC_ALL=C $(INTLTOOL_MERGE) $(INTLTOOL_V_MERGE_OPTIONS) -x -u -c $(top_builddir)/po/.intltool-merge-cache $(top_srcdir)/po $< $@'
INTLTOOL_XML_NOMERGE_RULE='%.xml:       %.xml.in       $(INTLTOOL_MERGE) ; $(INTLTOOL_V_MERGE)LC_ALL=C $(INTLTOOL_MERGE) $(INTLTOOL_V_MERGE_OPTIONS) -x -u --no-translations $< $@'
INTLTOOL_XML_RULE='%.xml:       %.xml.in       $(INTLTOOL_MERGE) $(wildcard $(top_srcdir)/po/*.po) ; $(INTLTOOL_V_MERGE)LC_ALL=C $(INTLTOOL_MERGE) $(INTLTOOL_V_MERGE_OPTIONS) -x -u -c $(top_builddir)/po/.intltool-merge-cache $(top_srcdir)/po $< $@'
INTLTOOL__v_MERGE_0='@echo "  ITMRG " $@;'
INTLTOOL__v_MERGE_='$(INTLTOOL__v_MERGE_$(AM_DEFAULT_VERBOSITY))'
LD='/usr/bin/ld'
LDFLAGS=''
LEDBORG_SERVER_CFLAGS='-pthread -I/usr/include/glib-2.0 -I/usr/lib/i386-linux-gnu/glib-2.0/include -I/usr/include/gtk-2.0 -I/usr/lib/i386-linux-gnu/gtk-2.0/include -I/usr/include/atk-1.0 -I/usr/include/cairo -I/usr/include/gdk-pixbuf-2.0 -I/usr/include/pango-1.0 -I/usr/include/gio-unix-2.0/ -I/usr/include/pixman-1 -I/usr/include/freetype2 -I/usr/include/libpng12 -I/usr/include/libsoup-2.4 -I/usr/include/libxml2  '
LEDBORG_SERVER_LIBS='-lgtk-x11-2.0 -lgdk-x11-2.0 -latk-1.0 -lpangoft2-1.0 -lpangocairo-1.0 -lgdk_pixbuf-2.0 -lcairo -lpango-1.0 -lfreetype -lfontconfig -lsoup-2.4 -lgio-2.0 -lgobject-2.0 -lglib-2.0  '
LIBOBJS=''
LIBS=''
LIBTOOL='$(SHELL) $(top_builddir)/libtool'
LIPO=''
LN_S='ln -s'
LTLIBOBJS=''
MAINT=''
MAINTAINER_MODE_FALSE='#'
MAINTAINER_MODE_TRUE=''
MAKEINFO='${SHELL} /home/ross/Projects/ledborg-server/missing --run makeinfo'
MANIFEST_TOOL=':'
MKDIR_P='/bin/mkdir -p'
MKINSTALLDIRS='./mkinstalldirs'
MSGFMT='/usr/bin/msgfmt'
MSGFMT_OPTS='-c'
MSGMERGE='/usr/bin/msgmerge'
NM='/usr/bin/nm -B'
NMEDIT=''
OBJDUMP='objdump'
OBJEXT='o'
OTOOL64=''
OTOOL=''
PACKAGE='ledborg-server'
PACKAGE_BUGREPORT='the.mighty.ug@gmail.com'
PACKAGE_NAME='ledborg-server'
PACKAGE_STRING='ledborg-server 0.2.0'
PACKAGE_TARNAME='ledborg-server'
PACKAGE_URL=''
PACKAGE_VERSION='0.2.0'
PATH_SEPARATOR=':'
PKG_CONFIG='/usr/bin/pkg-config'
PKG_CONFIG_LIBDIR=''
PKG_CONFIG_PATH=''
POFILES=''
POSUB='po'
PO_IN_DATADIR_FALSE=''
PO_IN_DATADIR_TRUE=''
RANLIB='ranlib'
SED='/bin/sed'
SET_MAKE=''
SHELL='/bin/bash'
STRIP='strip'
USE_NLS='yes'
VALAC='/usr/bin/valac'
VERSION='0.2.0'
XGETTEXT='/usr/bin/xgettext'
ac_ct_AR='ar'
ac_ct_CC='gcc'
ac_ct_DUMPBIN=''
am__EXEEXT_FALSE=''
am__EXEEXT_TRUE='#'
am__fastdepCC_FALSE='#'
am__fastdepCC_TRUE=''
am__include='include'
am__isrc=''
am__leading_dot='.'
am__nodep='_no'
am__quote=''
am__tar='$${TAR-tar} chof - "$$tardir"'
am__untar='$${TAR-tar} xf -'
bindir='${exec_prefix}/bin'
build='i686-pc-linux-gnu'
build_alias=''
build_cpu='i686'
build_os='linux-gnu'
build_vendor='pc'
datadir='${datarootdir}'
datarootdir='${prefix}/share'
docdir='${datarootdir}/doc/${PACKAGE_TARNAME}'
dvidir='${docdir}'
exec_prefix='${prefix}'
host='i686-pc-linux-gnu'
host_alias=''
host_cpu='i686'
host_os='linux-gnu'
host_vendor='pc'
htmldir='${docdir}'
includedir='${prefix}/include'
infodir='${datarootdir}/info'
install_sh='${SHELL} /home/ross/Projects/ledborg-server/install-sh'
intltool__v_merge_options_0='-q'
intltool__v_merge_options_='$(intltool__v_merge_options_$(AM_DEFAULT_VERBOSITY))'
libdir='${exec_prefix}/lib'
libexecdir='${exec_prefix}/libexec'
localedir='${datarootdir}/locale'
localstatedir='${prefix}/var'
mandir='${datarootdir}/man'
mkdir_p='/bin/mkdir -p'
oldincludedir='/usr/include'
pdfdir='${docdir}'
prefix='/usr/local'
program_transform_name='s,x,x,'
psdir='${docdir}'
sbindir='${exec_prefix}/sbin'
sharedstatedir='${prefix}/com'
sysconfdir='${prefix}/etc'
target_alias=''

## ----------- ##
## confdefs.h. ##
## ----------- ##

/* confdefs.h */
#define PACKAGE_NAME "ledborg-server"
#define PACKAGE_TARNAME "ledborg-server"
#define PACKAGE_VERSION "0.2.0"
#define PACKAGE_STRING "ledborg-server 0.2.0"
#define PACKAGE_BUGREPORT "the.mighty.ug@gmail.com"
#define PACKAGE_URL ""
#define PACKAGE "ledborg-server"
#define VERSION "0.2.0"
#define STDC_HEADERS 1
#define HAVE_SYS_TYPES_H 1
#define HAVE_SYS_STAT_H 1
#define HAVE_STDLIB_H 1
#define HAVE_STRING_H 1
#define HAVE_MEMORY_H 1
#define HAVE_STRINGS_H 1
#define HAVE_INTTYPES_H 1
#define HAVE_STDINT_H 1
#define HAVE_UNISTD_H 1
#define HAVE_DLFCN_H 1
#define LT_OBJDIR ".libs/"
#define GETTEXT_PACKAGE "ledborg-server"
#define HAVE_LOCALE_H 1
#define HAVE_LC_MESSAGES 1
#define HAVE_BIND_TEXTDOMAIN_CODESET 1
#define HAVE_GETTEXT 1
#define HAVE_DCGETTEXT 1
#define ENABLE_NLS 1

configure: exit 0

## ---------------------- ##
## Running config.status. ##
## ---------------------- ##

This file was extended by ledborg-server config.status 0.2.0, which was
generated by GNU Autoconf 2.69.  Invocation command line was

  CONFIG_FILES    = 
  CONFIG_HEADERS  = 
  CONFIG_LINKS    = 
  CONFIG_COMMANDS = 
  $ ./config.status 

on zudo

config.status:1169: creating Makefile
config.status:1169: creating src/Makefile
config.status:1169: creating src/applet/Makefile
config.status:1169: creating po/Makefile.in
config.status:1169: creating config.h
config.status:1398: executing depfiles commands
config.status:1398: executing libtool commands
config.status:1398: executing default-1 commands
config.status:1398: executing po/stamp-it commands

## ---------------------- ##
## Running config.status. ##
## ---------------------- ##

This file was extended by ledborg-server config.status 0.2.0, which was
generated by GNU Autoconf 2.69.  Invocation command line was

  CONFIG_FILES    = 
  CONFIG_HEADERS  = 
  CONFIG_LINKS    = 
  CONFIG_COMMANDS = 
  $ ./config.status config.h

on zudo

config.status:1169: creating config.h
config.status:1350: config.h is unchanged

## ---------------------- ##
## Running config.status. ##
## ---------------------- ##

This file was extended by ledborg-server config.status 0.2.0, which was
generated by GNU Autoconf 2.69.  Invocation command line was

  CONFIG_FILES    = 
  CONFIG_HEADERS  = 
  CONFIG_LINKS    = 
  CONFIG_COMMANDS = 
  $ ./config.status src/applet/Makefile depfiles

on zudo

config.status:1169: creating src/applet/Makefile
config.status:1398: executing depfiles commands
